<?xml version="1.0" encoding="UTF-8"?>
<!-- Generated by org.testng.reporters.JUnitReportReporter -->
<testsuite hostname="domsbook.dorne.domlucia.com" name="com.yourcompany.SampleSauceTest" tests="8" failures="0" timestamp="20 Jun 2016 18:58:25 GMT" time="71.267" errors="0">
  <testcase name="guineaPigTitle2" time="9.486" classname="com.yourcompany.SampleSauceTest"/>
  <testcase name="guineaPigTitle2" time="7.790" classname="com.yourcompany.SampleSauceTest"/>
  <testcase name="guineaPigTitle" time="11.935" classname="com.yourcompany.SampleSauceTest"/>
  <testcase name="guineaPigTitle" time="12.229" classname="com.yourcompany.SampleSauceTest"/>
  <testcase name="guineaPigTitle" time="5.953" classname="com.yourcompany.SampleSauceTest"/>
  <testcase name="guineaPigTitle2" time="11.517" classname="com.yourcompany.SampleSauceTest"/>
  <testcase name="guineaPigTitle2" time="5.204" classname="com.yourcompany.SampleSauceTest"/>
  <testcase name="guineaPigTitle" time="7.153" classname="com.yourcompany.SampleSauceTest"/>
</testsuite> <!-- com.yourcompany.SampleSauceTest -->
