<?xml version="1.0" encoding="UTF-8"?>
<!-- Generated by org.testng.reporters.JUnitReportReporter -->
<testsuite hostname="domsbook.dorne.domlucia.com" name="com.yourcompany.SampleSauceTest" tests="8" failures="0" timestamp="28 Jun 2016 19:04:58 GMT" time="74.809" errors="0">
  <testcase name="guineaPigTitle2" time="7.361" classname="com.yourcompany.SampleSauceTest"/>
  <testcase name="guineaPigTitle" time="8.986" classname="com.yourcompany.SampleSauceTest"/>
  <testcase name="guineaPigTitle2" time="13.714" classname="com.yourcompany.SampleSauceTest"/>
  <testcase name="guineaPigTitle" time="5.512" classname="com.yourcompany.SampleSauceTest"/>
  <testcase name="guineaPigTitle2" time="5.544" classname="com.yourcompany.SampleSauceTest"/>
  <testcase name="guineaPigTitle" time="16.932" classname="com.yourcompany.SampleSauceTest"/>
  <testcase name="guineaPigTitle" time="7.535" classname="com.yourcompany.SampleSauceTest"/>
  <testcase name="guineaPigTitle2" time="9.225" classname="com.yourcompany.SampleSauceTest"/>
</testsuite> <!-- com.yourcompany.SampleSauceTest -->
